[2025-09-19T10:04:40.619Z] === START DEBUG ===
[2025-09-19T10:04:40.619Z] 1. Request headers: {
  "host": "localhost:8000",
  "connection": "close",
  "sec-ch-ua-platform": "\"Windows\"",
  "authorization": "Bearer eyJhbGciOiJIUzI1NiIsInR5cCI6IkpXVCJ9.eyJpZCI6IjY4OWRkNzUzOWQ1YThlZGJhZWMzNjhjZCIsImlhdCI6MTc1ODI3Mzg1NiwiZXhwIjoxNzYwODY1ODU2fQ.n3FLXs50vynUaviAa0JzAChFxmx_lfA2p69nMw8btf8",
  "user-agent": "Mozilla/5.0 (Windows NT 10.0; Win64; x64) AppleWebKit/537.36 (KHTML, like Gecko) Chrome/140.0.0.0 Safari/537.36",
  "accept": "application/json",
  "sec-ch-ua": "\"Chromium\";v=\"140\", \"Not=A?Brand\";v=\"24\", \"Brave\";v=\"140\"",
  "sec-ch-ua-mobile": "?0",
  "sec-gpc": "1",
  "accept-language": "en-US,en;q=0.9",
  "sec-fetch-site": "same-origin",
  "sec-fetch-mode": "cors",
  "sec-fetch-dest": "empty",
  "referer": "http://localhost:5173/dashboard/applicants",
  "accept-encoding": "gzip, deflate, br, zstd",
  "cookie": "__clerk_db_jwt_9_XyUgPA=dvb_32ubMiGTUD8cw3QLk46lY0QS9kq; __clerk_db_jwt=dvb_32ubMiGTUD8cw3QLk46lY0QS9kq; __client_uat_9_XyUgPA=0; __client_uat=0",
  "if-none-match": "W/\"243-vBUqu6Q6+vEmffBvVXJJhPi5hUY\""
}
[2025-09-19T10:04:40.621Z] 2. Authenticated user: {
  "_id": "689dd7539d5a8edbaec368cd",
  "email": "aditya@abes.ac.in",
  "role": "recruiter"
}
[2025-09-19T10:04:40.729Z] 3. Found 1 jobs for recruiter 689dd7539d5a8edbaec368cd
[2025-09-19T10:04:40.729Z] 4. Searching for applications with job IDs: [
  "68a0b30a654d3bc19e65f3ef"
]
[2025-09-19T10:04:41.471Z] 5. Found 1 applications
[2025-09-19T10:04:41.471Z] 6. Sending response with applications