[2025-09-20T07:02:57.338Z] === START DEBUG ===
[2025-09-20T07:02:57.341Z] 1. Request headers: {
  "host": "localhost:8000",
  "connection": "close",
  "sec-ch-ua-platform": "\"Windows\"",
  "authorization": "Bearer eyJhbGciOiJIUzI1NiIsInR5cCI6IkpXVCJ9.eyJpZCI6IjY4Y2Q4YTc2MTUyNjU1MjAxNmZmOTY5NCIsImlhdCI6MTc1ODM1MTY1MywiZXhwIjoxNzYwOTQzNjUzfQ.9kw22K7izicsTWYH5zCvnLKJjDlIE9vrdbfU0tl2-II",
  "user-agent": "Mozilla/5.0 (Windows NT 10.0; Win64; x64) AppleWebKit/537.36 (KHTML, like Gecko) Chrome/140.0.0.0 Safari/537.36",
  "accept": "application/json",
  "sec-ch-ua": "\"Chromium\";v=\"140\", \"Not=A?Brand\";v=\"24\", \"Brave\";v=\"140\"",
  "sec-ch-ua-mobile": "?0",
  "sec-gpc": "1",
  "accept-language": "en-US,en;q=0.5",
  "sec-fetch-site": "same-origin",
  "sec-fetch-mode": "cors",
  "sec-fetch-dest": "empty",
  "referer": "http://localhost:5173/dashboard/applicants",
  "accept-encoding": "gzip, deflate, br, zstd",
  "cookie": "__clerk_db_jwt_9_XyUgPA=dvb_32wxFc3NhxGqKq6O52flM5Ugg0m; __clerk_db_jwt=dvb_32wxFc3NhxGqKq6O52flM5Ugg0m; __client_uat_9_XyUgPA=0; __client_uat=0",
  "if-none-match": "W/\"266-oYph4GdT3Hj0O6hR/l1+r5fCf/8\""
}
[2025-09-20T07:02:57.350Z] 2. Authenticated user: {
  "_id": "68cd8a761526552016ff9694",
  "email": "adityat9336@gmail.com",
  "role": "recruiter"
}
[2025-09-20T07:02:57.414Z] 3. Found 1 jobs for recruiter 68cd8a761526552016ff9694
[2025-09-20T07:02:57.420Z] 4. Searching for applications with job IDs: [
  "68cd9965797595661c85f6e0"
]
[2025-09-20T07:02:57.913Z] 5. Found 1 applications
[2025-09-20T07:02:57.914Z] 6. Sending response with applications