[2025-09-19T11:29:33.155Z] === START DEBUG ===
[2025-09-19T11:29:33.156Z] 1. Request headers: {
  "host": "localhost:8000",
  "connection": "close",
  "sec-ch-ua-platform": "\"Windows\"",
  "authorization": "Bearer eyJhbGciOiJIUzI1NiIsInR5cCI6IkpXVCJ9.eyJpZCI6IjY4OWRkNzUzOWQ1YThlZGJhZWMzNjhjZCIsImlhdCI6MTc1ODI4MDgyMSwiZXhwIjoxNzYwODcyODIxfQ.7RZJDs9Z3BvQ9d-K1QR_idRP0izNoDLyHseSPk9YSW0",
  "user-agent": "Mozilla/5.0 (Windows NT 10.0; Win64; x64) AppleWebKit/537.36 (KHTML, like Gecko) Chrome/140.0.0.0 Safari/537.36",
  "accept": "application/json",
  "sec-ch-ua": "\"Chromium\";v=\"140\", \"Not=A?Brand\";v=\"24\", \"Brave\";v=\"140\"",
  "sec-ch-ua-mobile": "?0",
  "sec-gpc": "1",
  "accept-language": "en-US,en;q=0.9",
  "sec-fetch-site": "same-origin",
  "sec-fetch-mode": "cors",
  "sec-fetch-dest": "empty",
  "referer": "http://localhost:5173/dashboard/applicants",
  "accept-encoding": "gzip, deflate, br, zstd",
  "cookie": "__clerk_db_jwt_9_XyUgPA=dvb_32ubMiGTUD8cw3QLk46lY0QS9kq; __clerk_db_jwt=dvb_32ubMiGTUD8cw3QLk46lY0QS9kq; __client_uat_9_XyUgPA=0; __client_uat=0",
  "if-none-match": "W/\"1e-JkPcI+pGj7BBTxOuZTVVIm91zaY\""
}
[2025-09-19T11:29:33.156Z] 2. Authenticated user: {
  "_id": "689dd7539d5a8edbaec368cd",
  "email": "aditya@abes.ac.in",
  "role": "recruiter"
}
[2025-09-19T11:29:33.207Z] 3. Found 0 jobs for recruiter 689dd7539d5a8edbaec368cd
[2025-09-19T11:29:33.208Z] 3a. No jobs found for this recruiter