[2025-09-19T17:28:02.087Z] === START DEBUG ===
[2025-09-19T17:28:02.088Z] 1. Request headers: {
  "host": "localhost:8000",
  "connection": "close",
  "sec-ch-ua-platform": "\"Windows\"",
  "authorization": "Bearer eyJhbGciOiJIUzI1NiIsInR5cCI6IkpXVCJ9.eyJpZCI6IjY4Y2Q4YTc2MTUyNjU1MjAxNmZmOTY5NCIsImlhdCI6MTc1ODMwMjcxOSwiZXhwIjoxNzYwODk0NzE5fQ.8fwcqNN25Asq5Bc92EPp6-CdYFCbHHfuYO7vHpoftxs",
  "user-agent": "Mozilla/5.0 (Windows NT 10.0; Win64; x64) AppleWebKit/537.36 (KHTML, like Gecko) Chrome/140.0.0.0 Safari/537.36",
  "accept": "application/json",
  "sec-ch-ua": "\"Chromium\";v=\"140\", \"Not=A?Brand\";v=\"24\", \"Brave\";v=\"140\"",
  "sec-ch-ua-mobile": "?0",
  "sec-gpc": "1",
  "accept-language": "en-US,en;q=0.9",
  "sec-fetch-site": "same-origin",
  "sec-fetch-mode": "cors",
  "sec-fetch-dest": "empty",
  "referer": "http://localhost:5173/dashboard/applicants",
  "accept-encoding": "gzip, deflate, br, zstd",
  "cookie": "__clerk_db_jwt_9_XyUgPA=dvb_32vZ7jF3OG8pf3zI3yUNpXdAr3f; __clerk_db_jwt=dvb_32vZ7jF3OG8pf3zI3yUNpXdAr3f; __client_uat_9_XyUgPA=0; __client_uat=0",
  "if-none-match": "W/\"1e-JkPcI+pGj7BBTxOuZTVVIm91zaY\""
}
[2025-09-19T17:28:02.089Z] 2. Authenticated user: {
  "_id": "68cd8a761526552016ff9694",
  "email": "at9997152@gmail.com",
  "role": "recruiter"
}
[2025-09-19T17:28:02.141Z] 3. Found 0 jobs for recruiter 68cd8a761526552016ff9694
[2025-09-19T17:28:02.142Z] 3a. No jobs found for this recruiter