[2025-09-20T05:13:54.439Z] === START DEBUG ===
[2025-09-20T05:13:54.440Z] 1. Request headers: {
  "host": "localhost:8000",
  "connection": "close",
  "sec-ch-ua-platform": "\"Windows\"",
  "authorization": "Bearer eyJhbGciOiJIUzI1NiIsInR5cCI6IkpXVCJ9.eyJpZCI6IjY4Y2Q4YTc2MTUyNjU1MjAxNmZmOTY5NCIsImlhdCI6MTc1ODM0NDY0NywiZXhwIjoxNzYwOTM2NjQ3fQ.tZEj5bsb4r0Ij-VVFuBG_DJj81OHoOVAwLLonieICFc",
  "user-agent": "Mozilla/5.0 (Windows NT 10.0; Win64; x64) AppleWebKit/537.36 (KHTML, like Gecko) Chrome/140.0.0.0 Safari/537.36",
  "accept": "application/json",
  "sec-ch-ua": "\"Chromium\";v=\"140\", \"Not=A?Brand\";v=\"24\", \"Brave\";v=\"140\"",
  "sec-ch-ua-mobile": "?0",
  "sec-gpc": "1",
  "accept-language": "en-US,en;q=0.7",
  "sec-fetch-site": "same-origin",
  "sec-fetch-mode": "cors",
  "sec-fetch-dest": "empty",
  "referer": "http://localhost:5173/dashboard/applicants",
  "accept-encoding": "gzip, deflate, br, zstd",
  "if-none-match": "W/\"266-oYph4GdT3Hj0O6hR/l1+r5fCf/8\""
}
[2025-09-20T05:13:54.441Z] 2. Authenticated user: {
  "_id": "68cd8a761526552016ff9694",
  "email": "adityat9336@gmail.com",
  "role": "recruiter"
}
[2025-09-20T05:13:54.495Z] 3. Found 1 jobs for recruiter 68cd8a761526552016ff9694
[2025-09-20T05:13:54.496Z] 4. Searching for applications with job IDs: [
  "68cd9965797595661c85f6e0"
]
[2025-09-20T05:13:54.611Z] 5. Found 1 applications
[2025-09-20T05:13:54.612Z] 6. Sending response with applications